2018-03-07 15:19:46  [ main:0 ] - [ INFO ]  Refreshing org.springframework.context.support.ClassPathXmlApplicationContext@475fd2f: startup date [Wed Mar 07 15:19:46 CST 2018]; root of context hierarchy
2018-03-07 15:19:46  [ main:151 ] - [ INFO ]  Loading XML bean definitions from class path resource [applicationContext.xml]
2018-03-07 15:26:03  [ main:0 ] - [ INFO ]  Refreshing org.springframework.context.support.ClassPathXmlApplicationContext@475fd2f: startup date [Wed Mar 07 15:26:03 CST 2018]; root of context hierarchy
2018-03-07 15:26:03  [ main:148 ] - [ INFO ]  Loading XML bean definitions from class path resource [applicationContext.xml]
2018-03-07 15:31:31  [ main:0 ] - [ INFO ]  Refreshing org.springframework.context.support.ClassPathXmlApplicationContext@5e411af2: startup date [Wed Mar 07 15:31:31 CST 2018]; root of context hierarchy
2018-03-07 15:31:31  [ main:138 ] - [ INFO ]  Loading XML bean definitions from class path resource [applicationContext.xml]
2018-03-07 15:31:32  [ main:1290 ] - [ WARN ]  Exception encountered during context initialization - cancelling refresh attempt: org.springframework.beans.factory.BeanCreationException: Error creating bean with name 'sqlSessionFactory' defined in class path resource [applicationContext.xml]: Cannot resolve reference to bean 'jdbcDataSource' while setting bean property 'dataSource'; nested exception is org.springframework.beans.factory.BeanCreationException: Error creating bean with name 'jdbcDataSource' defined in class path resource [applicationContext.xml]: Error setting property values; nested exception is org.springframework.beans.PropertyBatchUpdateException; nested PropertyAccessExceptions (1) are:
PropertyAccessException 1: org.springframework.beans.MethodInvocationException: Property 'driverClassName' threw exception; nested exception is java.lang.IllegalStateException: Could not load JDBC driver class [oracle.jdbc.driver.OracleDriver]
2018-03-07 15:47:04  [ main:0 ] - [ INFO ]  Refreshing org.springframework.context.support.ClassPathXmlApplicationContext@475fd2f: startup date [Wed Mar 07 15:47:04 CST 2018]; root of context hierarchy
2018-03-07 15:47:04  [ main:122 ] - [ INFO ]  Loading XML bean definitions from class path resource [applicationContext.xml]
2018-03-07 15:47:05  [ main:904 ] - [ WARN ]  Exception encountered during context initialization - cancelling refresh attempt: org.springframework.beans.factory.BeanCreationException: Error creating bean with name 'sqlSessionFactory' defined in class path resource [applicationContext.xml]: Cannot resolve reference to bean 'jdbcDataSource' while setting bean property 'dataSource'; nested exception is org.springframework.beans.factory.BeanCreationException: Error creating bean with name 'jdbcDataSource' defined in class path resource [applicationContext.xml]: Error setting property values; nested exception is org.springframework.beans.PropertyBatchUpdateException; nested PropertyAccessExceptions (1) are:
PropertyAccessException 1: org.springframework.beans.MethodInvocationException: Property 'driverClassName' threw exception; nested exception is java.lang.IllegalStateException: Could not load JDBC driver class [oracle.jdbc.driver.OracleDriver]
2018-03-07 15:48:46  [ main:0 ] - [ INFO ]  Refreshing org.springframework.context.support.ClassPathXmlApplicationContext@5e411af2: startup date [Wed Mar 07 15:48:46 CST 2018]; root of context hierarchy
2018-03-07 15:48:47  [ main:141 ] - [ INFO ]  Loading XML bean definitions from class path resource [applicationContext.xml]
2018-03-07 15:48:48  [ main:1357 ] - [ WARN ]  Exception encountered during context initialization - cancelling refresh attempt: org.springframework.beans.factory.BeanCreationException: Error creating bean with name 'sqlSessionFactory' defined in class path resource [applicationContext.xml]: Cannot resolve reference to bean 'jdbcDataSource' while setting bean property 'dataSource'; nested exception is org.springframework.beans.factory.BeanCreationException: Error creating bean with name 'jdbcDataSource' defined in class path resource [applicationContext.xml]: Error setting property values; nested exception is org.springframework.beans.PropertyBatchUpdateException; nested PropertyAccessExceptions (1) are:
PropertyAccessException 1: org.springframework.beans.MethodInvocationException: Property 'driverClassName' threw exception; nested exception is java.lang.IllegalStateException: Could not load JDBC driver class [oracle.jdbc.driver.OracleDriver]
2018-03-07 15:49:25  [ main:0 ] - [ INFO ]  Refreshing org.springframework.context.support.ClassPathXmlApplicationContext@475fd2f: startup date [Wed Mar 07 15:49:25 CST 2018]; root of context hierarchy
2018-03-07 15:49:25  [ main:155 ] - [ INFO ]  Loading XML bean definitions from class path resource [applicationContext.xml]
2018-03-07 15:49:26  [ main:1111 ] - [ WARN ]  Exception encountered during context initialization - cancelling refresh attempt: org.springframework.beans.factory.BeanCreationException: Error creating bean with name 'sqlSessionFactory' defined in class path resource [applicationContext.xml]: Cannot resolve reference to bean 'jdbcDataSource' while setting bean property 'dataSource'; nested exception is org.springframework.beans.factory.BeanCreationException: Error creating bean with name 'jdbcDataSource' defined in class path resource [applicationContext.xml]: Error setting property values; nested exception is org.springframework.beans.PropertyBatchUpdateException; nested PropertyAccessExceptions (1) are:
PropertyAccessException 1: org.springframework.beans.MethodInvocationException: Property 'driverClassName' threw exception; nested exception is java.lang.IllegalStateException: Could not load JDBC driver class [oracle.jdbc.driver.OracleDriver]
2018-03-07 16:05:25  [ main:0 ] - [ INFO ]  Refreshing org.springframework.context.support.ClassPathXmlApplicationContext@5e411af2: startup date [Wed Mar 07 16:05:25 CST 2018]; root of context hierarchy
2018-03-07 16:05:25  [ main:183 ] - [ INFO ]  Loading XML bean definitions from class path resource [applicationContext.xml]
2018-03-07 16:05:26  [ main:1402 ] - [ WARN ]  Exception encountered during context initialization - cancelling refresh attempt: org.springframework.beans.factory.BeanCreationException: Error creating bean with name 'sqlSessionFactory' defined in class path resource [applicationContext.xml]: Cannot resolve reference to bean 'jdbcDataSource' while setting bean property 'dataSource'; nested exception is org.springframework.beans.factory.BeanCreationException: Error creating bean with name 'jdbcDataSource' defined in class path resource [applicationContext.xml]: Error setting property values; nested exception is org.springframework.beans.PropertyBatchUpdateException; nested PropertyAccessExceptions (1) are:
PropertyAccessException 1: org.springframework.beans.MethodInvocationException: Property 'driverClassName' threw exception; nested exception is java.lang.IllegalStateException: Could not load JDBC driver class [oracle.jdbc.driver.OracleDriver]
2018-03-07 16:12:56  [ main:0 ] - [ INFO ]  Refreshing org.springframework.context.support.ClassPathXmlApplicationContext@475fd2f: startup date [Wed Mar 07 16:12:56 CST 2018]; root of context hierarchy
2018-03-07 16:12:56  [ main:136 ] - [ INFO ]  Loading XML bean definitions from class path resource [applicationContext.xml]
2018-03-07 16:12:57  [ main:1236 ] - [ INFO ]  Loaded JDBC driver: oracle.jdbc.driver.OracleDriver
2018-03-07 16:30:59  [ main:0 ] - [ INFO ]  Refreshing org.springframework.context.support.ClassPathXmlApplicationContext@475fd2f: startup date [Wed Mar 07 16:30:59 CST 2018]; root of context hierarchy
2018-03-07 16:31:00  [ main:141 ] - [ INFO ]  Loading XML bean definitions from class path resource [applicationContext.xml]
2018-03-07 16:31:00  [ main:1041 ] - [ INFO ]  Loaded JDBC driver: oracle.jdbc.driver.OracleDriver
2018-03-07 16:39:20  [ main:1 ] - [ INFO ]  Refreshing org.springframework.context.support.ClassPathXmlApplicationContext@5e411af2: startup date [Wed Mar 07 16:39:20 CST 2018]; root of context hierarchy
2018-03-07 16:39:21  [ main:119 ] - [ INFO ]  Loading XML bean definitions from class path resource [applicationContext.xml]
2018-03-07 16:39:22  [ main:1124 ] - [ INFO ]  Loaded JDBC driver: oracle.jdbc.driver.OracleDriver
2018-03-07 16:52:43  [ main:0 ] - [ INFO ]  Refreshing org.springframework.context.support.ClassPathXmlApplicationContext@5e411af2: startup date [Wed Mar 07 16:52:43 CST 2018]; root of context hierarchy
2018-03-07 16:52:43  [ main:150 ] - [ INFO ]  Loading XML bean definitions from class path resource [applicationContext.xml]
2018-03-07 16:52:44  [ main:1097 ] - [ WARN ]  Exception encountered during context initialization - cancelling refresh attempt: org.springframework.beans.factory.BeanDefinitionStoreException: Invalid bean definition with name 'jdbcDataSource' defined in class path resource [applicationContext.xml]: Could not resolve placeholder 'jdbc.jdbcUrl' in value "${jdbc.jdbcUrl}"; nested exception is java.lang.IllegalArgumentException: Could not resolve placeholder 'jdbc.jdbcUrl' in value "${jdbc.jdbcUrl}"
2018-03-07 16:53:58  [ main:0 ] - [ INFO ]  Refreshing org.springframework.context.support.ClassPathXmlApplicationContext@5e411af2: startup date [Wed Mar 07 16:53:58 CST 2018]; root of context hierarchy
2018-03-07 16:53:59  [ main:137 ] - [ INFO ]  Loading XML bean definitions from class path resource [applicationContext.xml]
2018-03-07 16:54:00  [ main:1062 ] - [ WARN ]  Exception encountered during context initialization - cancelling refresh attempt: org.springframework.beans.factory.BeanDefinitionStoreException: Invalid bean definition with name 'jdbcDataSource' defined in class path resource [applicationContext.xml]: Could not resolve placeholder 'jdbc.jdbcUrl' in value "${jdbc.jdbcUrl}"; nested exception is java.lang.IllegalArgumentException: Could not resolve placeholder 'jdbc.jdbcUrl' in value "${jdbc.jdbcUrl}"
2018-03-07 16:56:55  [ main:0 ] - [ INFO ]  Refreshing org.springframework.context.support.ClassPathXmlApplicationContext@475fd2f: startup date [Wed Mar 07 16:56:55 CST 2018]; root of context hierarchy
2018-03-07 16:56:55  [ main:151 ] - [ INFO ]  Loading XML bean definitions from class path resource [applicationContext.xml]
2018-03-07 16:56:56  [ main:1280 ] - [ INFO ]  Loaded JDBC driver: oracle.jdbc.driver.OracleDriver
2018-03-07 17:24:31  [ main:0 ] - [ INFO ]  Refreshing org.springframework.context.support.ClassPathXmlApplicationContext@475fd2f: startup date [Wed Mar 07 17:24:31 CST 2018]; root of context hierarchy
2018-03-07 17:24:31  [ main:112 ] - [ INFO ]  Loading XML bean definitions from class path resource [applicationContext.xml]
2018-03-07 17:24:32  [ main:973 ] - [ WARN ]  Exception encountered during context initialization - cancelling refresh attempt: org.springframework.beans.factory.BeanInitializationException: Could not load properties; nested exception is java.io.FileNotFoundException: class path resource [congfig/jdbc.properties] cannot be opened because it does not exist
2018-03-07 17:25:56  [ main:0 ] - [ INFO ]  Refreshing org.springframework.context.support.ClassPathXmlApplicationContext@5e411af2: startup date [Wed Mar 07 17:25:56 CST 2018]; root of context hierarchy
2018-03-07 17:25:56  [ main:138 ] - [ INFO ]  Loading XML bean definitions from class path resource [applicationContext.xml]
2018-03-07 17:25:57  [ main:1066 ] - [ WARN ]  Exception encountered during context initialization - cancelling refresh attempt: org.springframework.beans.factory.BeanDefinitionStoreException: Invalid bean definition with name 'jdbcDataSource' defined in class path resource [applicationContext.xml]: Could not resolve placeholder 'jdbc.jdbcUrl' in value "${jdbc.jdbcUrl}"; nested exception is java.lang.IllegalArgumentException: Could not resolve placeholder 'jdbc.jdbcUrl' in value "${jdbc.jdbcUrl}"
2018-03-07 17:28:15  [ main:0 ] - [ INFO ]  Refreshing org.springframework.context.support.ClassPathXmlApplicationContext@143b64f: startup date [Wed Mar 07 17:28:15 CST 2018]; root of context hierarchy
2018-03-07 17:28:15  [ main:140 ] - [ INFO ]  Loading XML bean definitions from class path resource [applicationContext.xml]
2018-03-07 17:28:17  [ main:1406 ] - [ INFO ]  Loaded JDBC driver: oracle.jdbc.driver.OracleDriver
