2018-03-07 07:54:39  [ main:0 ] - [ INFO ]  Refreshing org.springframework.context.support.ClassPathXmlApplicationContext@12e84396: startup date [Wed Mar 07 07:54:39 CST 2018]; root of context hierarchy
2018-03-07 07:54:40  [ main:194 ] - [ INFO ]  Loading XML bean definitions from class path resource [applicationContext.xml]
2018-03-07 07:54:41  [ main:1393 ] - [ INFO ]  Loaded JDBC driver: oracle.jdbc.driver.OracleDriver
2018-03-07 07:55:53  [ main:0 ] - [ INFO ]  Refreshing org.springframework.context.support.ClassPathXmlApplicationContext@6a2a9a0e: startup date [Wed Mar 07 07:55:53 CST 2018]; root of context hierarchy
2018-03-07 07:55:53  [ main:190 ] - [ INFO ]  Loading XML bean definitions from class path resource [applicationContext.xml]
2018-03-07 07:55:54  [ main:1240 ] - [ INFO ]  Loaded JDBC driver: oracle.jdbc.driver.OracleDriver
2018-03-07 07:56:22  [ main:0 ] - [ INFO ]  Refreshing org.springframework.context.support.ClassPathXmlApplicationContext@6a2a9a0e: startup date [Wed Mar 07 07:56:22 CST 2018]; root of context hierarchy
2018-03-07 07:56:22  [ main:176 ] - [ INFO ]  Loading XML bean definitions from class path resource [applicationContext.xml]
2018-03-07 07:56:23  [ main:1305 ] - [ INFO ]  Loaded JDBC driver: oracle.jdbc.driver.OracleDriver
2018-03-07 07:56:46  [ main:0 ] - [ INFO ]  Refreshing org.springframework.context.support.ClassPathXmlApplicationContext@26cf2781: startup date [Wed Mar 07 07:56:46 CST 2018]; root of context hierarchy
2018-03-07 07:56:46  [ main:188 ] - [ INFO ]  Loading XML bean definitions from class path resource [applicationContext.xml]
2018-03-07 07:56:47  [ main:1190 ] - [ INFO ]  Loaded JDBC driver: oracle.jdbc.driver.OracleDriver
2018-03-07 07:58:49  [ main:0 ] - [ INFO ]  Refreshing org.springframework.context.support.ClassPathXmlApplicationContext@6a2a9a0e: startup date [Wed Mar 07 07:58:49 CST 2018]; root of context hierarchy
2018-03-07 07:58:50  [ main:132 ] - [ INFO ]  Loading XML bean definitions from class path resource [applicationContext.xml]
2018-03-07 07:58:51  [ main:1247 ] - [ INFO ]  Loaded JDBC driver: oracle.jdbc.driver.OracleDriver
2018-03-07 08:09:05  [ main:0 ] - [ INFO ]  Refreshing org.springframework.context.support.ClassPathXmlApplicationContext@26cf2781: startup date [Wed Mar 07 08:09:05 CST 2018]; root of context hierarchy
2018-03-07 08:09:06  [ main:184 ] - [ INFO ]  Loading XML bean definitions from class path resource [applicationContext.xml]
2018-03-07 08:09:07  [ main:1241 ] - [ INFO ]  Loaded JDBC driver: oracle.jdbc.driver.OracleDriver
2018-03-07 08:10:05  [ main:0 ] - [ INFO ]  Refreshing org.springframework.context.support.ClassPathXmlApplicationContext@12e84396: startup date [Wed Mar 07 08:10:05 CST 2018]; root of context hierarchy
2018-03-07 08:10:05  [ main:181 ] - [ INFO ]  Loading XML bean definitions from class path resource [applicationContext.xml]
2018-03-07 08:10:06  [ main:1278 ] - [ INFO ]  Loaded JDBC driver: oracle.jdbc.driver.OracleDriver
2018-03-07 08:13:31  [ main:0 ] - [ INFO ]  Refreshing org.springframework.context.support.ClassPathXmlApplicationContext@6a2a9a0e: startup date [Wed Mar 07 08:13:31 CST 2018]; root of context hierarchy
2018-03-07 08:13:31  [ main:185 ] - [ INFO ]  Loading XML bean definitions from class path resource [applicationContext.xml]
2018-03-07 08:13:32  [ main:1321 ] - [ INFO ]  Loaded JDBC driver: oracle.jdbc.driver.OracleDriver
2018-03-07 10:56:16  [ main:0 ] - [ INFO ]  Refreshing org.springframework.context.support.ClassPathXmlApplicationContext@6a2a9a0e: startup date [Wed Mar 07 10:56:16 CST 2018]; root of context hierarchy
2018-03-07 10:56:16  [ main:190 ] - [ INFO ]  Loading XML bean definitions from class path resource [applicationContext.xml]
2018-03-07 10:56:17  [ main:1395 ] - [ INFO ]  Loaded JDBC driver: oracle.jdbc.driver.OracleDriver
2018-03-07 14:34:07  [ main:0 ] - [ INFO ]  Refreshing org.springframework.context.support.ClassPathXmlApplicationContext@6a2a9a0e: startup date [Wed Mar 07 14:34:07 CST 2018]; root of context hierarchy
2018-03-07 14:34:07  [ main:165 ] - [ INFO ]  Loading XML bean definitions from class path resource [applicationContext.xml]
2018-03-07 14:34:08  [ main:1286 ] - [ INFO ]  Loaded JDBC driver: oracle.jdbc.driver.OracleDriver
2018-03-07 14:34:27  [ main:0 ] - [ INFO ]  Refreshing org.springframework.context.support.ClassPathXmlApplicationContext@77c16c5f: startup date [Wed Mar 07 14:34:27 CST 2018]; root of context hierarchy
2018-03-07 14:34:27  [ main:172 ] - [ INFO ]  Loading XML bean definitions from class path resource [applicationContext.xml]
2018-03-07 14:34:29  [ main:1424 ] - [ WARN ]  Exception encountered during context initialization - cancelling refresh attempt: org.springframework.beans.factory.BeanCreationException: Error creating bean with name 'sqlSessionFactory' defined in class path resource [applicationContext.xml]: Cannot resolve reference to bean 'jdbcDataSource' while setting bean property 'dataSource'; nested exception is org.springframework.beans.factory.BeanCreationException: Error creating bean with name 'jdbcDataSource' defined in class path resource [applicationContext.xml]: Error setting property values; nested exception is org.springframework.beans.PropertyBatchUpdateException; nested PropertyAccessExceptions (1) are:
PropertyAccessException 1: org.springframework.beans.MethodInvocationException: Property 'driverClassName' threw exception; nested exception is java.lang.IllegalStateException: Could not load JDBC driver class [oracle.jdbc.driver.OracleDriver]
2018-03-07 14:35:27  [ main:0 ] - [ INFO ]  Refreshing org.springframework.context.support.ClassPathXmlApplicationContext@26cf2781: startup date [Wed Mar 07 14:35:27 CST 2018]; root of context hierarchy
2018-03-07 14:35:27  [ main:174 ] - [ INFO ]  Loading XML bean definitions from class path resource [applicationContext.xml]
2018-03-07 14:35:28  [ main:1341 ] - [ INFO ]  Loaded JDBC driver: oracle.jdbc.driver.OracleDriver
2018-03-07 15:25:44  [ main:1 ] - [ INFO ]  Refreshing org.springframework.context.support.ClassPathXmlApplicationContext@12e84396: startup date [Wed Mar 07 15:25:44 CST 2018]; root of context hierarchy
2018-03-07 15:25:44  [ main:167 ] - [ INFO ]  Loading XML bean definitions from class path resource [applicationContext.xml]
2018-03-07 15:25:45  [ main:1316 ] - [ INFO ]  Loaded JDBC driver: oracle.jdbc.driver.OracleDriver
2018-03-07 17:31:39  [ main:0 ] - [ INFO ]  Refreshing org.springframework.context.support.ClassPathXmlApplicationContext@26cf2781: startup date [Wed Mar 07 17:31:39 CST 2018]; root of context hierarchy
2018-03-07 17:31:39  [ main:158 ] - [ INFO ]  Loading XML bean definitions from class path resource [applicationContext.xml]
2018-03-07 17:31:40  [ main:976 ] - [ WARN ]  Exception encountered during context initialization - cancelling refresh attempt: org.springframework.beans.factory.BeanInitializationException: Could not load properties; nested exception is java.io.FileNotFoundException: D:\workspace2\server\config\jdbc.properties (系统找不到指定的文件。)
2018-03-07 17:35:42  [ main:0 ] - [ INFO ]  Refreshing org.springframework.context.support.ClassPathXmlApplicationContext@6a2a9a0e: startup date [Wed Mar 07 17:35:42 CST 2018]; root of context hierarchy
2018-03-07 17:35:42  [ main:172 ] - [ INFO ]  Loading XML bean definitions from class path resource [applicationContext.xml]
2018-03-07 17:35:43  [ main:1389 ] - [ INFO ]  Loaded JDBC driver: oracle.jdbc.driver.OracleDriver
